
Aborted!
Usage: flask [OPTIONS] COMMAND [ARGS]...
Try 'flask --help' for help.

Error: No such command 'app.py'.
 * Serving Flask app 'app.py'
 * Debug mode: off
[31m[1mWARNING: This is a development server. Do not use it in a production deployment. Use a production WSGI server instead.[0m
 * Running on http://127.0.0.1:5000
[33mPress CTRL+C to quit[0m
 * Serving Flask app 'app'
 * Debug mode: on
[31m[1mWARNING: This is a development server. Do not use it in a production deployment. Use a production WSGI server instead.[0m
 * Running on http://localhost:5015
[33mPress CTRL+C to quit[0m
 * Restarting with stat
 * Debugger is active!
 * Debugger PIN: 138-903-892
127.0.0.1 - - [21/Sep/2024 14:48:31] "[35m[1mGET / HTTP/1.1[0m" 500 -
Traceback (most recent call last):
  File "/disk1/data/git/eve-tournaments/venv/lib/python3.9/site-packages/flask/app.py", line 1498, in __call__
    return self.wsgi_app(environ, start_response)
  File "/disk1/data/git/eve-tournaments/venv/lib/python3.9/site-packages/flask/app.py", line 1476, in wsgi_app
    response = self.handle_exception(e)
  File "/disk1/data/git/eve-tournaments/venv/lib/python3.9/site-packages/flask/app.py", line 1473, in wsgi_app
    response = self.full_dispatch_request()
  File "/disk1/data/git/eve-tournaments/venv/lib/python3.9/site-packages/flask/app.py", line 882, in full_dispatch_request
    rv = self.handle_user_exception(e)
  File "/disk1/data/git/eve-tournaments/venv/lib/python3.9/site-packages/flask/app.py", line 880, in full_dispatch_request
    rv = self.dispatch_request()
  File "/disk1/data/git/eve-tournaments/venv/lib/python3.9/site-packages/flask/app.py", line 865, in dispatch_request
    return self.ensure_sync(self.view_functions[rule.endpoint])(**view_args)  # type: ignore[no-any-return]
  File "/disk1/data/git/eve-tournaments/app.py", line 390, in index
    return render_template('base.html', current_tournaments=current_tournaments)
  File "/disk1/data/git/eve-tournaments/venv/lib/python3.9/site-packages/flask/templating.py", line 149, in render_template
    template = app.jinja_env.get_or_select_template(template_name_or_list)
  File "/disk1/data/git/eve-tournaments/venv/lib/python3.9/site-packages/jinja2/environment.py", line 1081, in get_or_select_template
    return self.get_template(template_name_or_list, parent, globals)
  File "/disk1/data/git/eve-tournaments/venv/lib/python3.9/site-packages/jinja2/environment.py", line 1010, in get_template
    return self._load_template(name, globals)
  File "/disk1/data/git/eve-tournaments/venv/lib/python3.9/site-packages/jinja2/environment.py", line 969, in _load_template
    template = self.loader.load(self, name, self.make_globals(globals))
  File "/disk1/data/git/eve-tournaments/venv/lib/python3.9/site-packages/jinja2/loaders.py", line 137, in load
    code = environment.compile(source, name, filename)
  File "/disk1/data/git/eve-tournaments/venv/lib/python3.9/site-packages/jinja2/environment.py", line 768, in compile
    self.handle_exception(source=source_hint)
  File "/disk1/data/git/eve-tournaments/venv/lib/python3.9/site-packages/jinja2/environment.py", line 936, in handle_exception
    raise rewrite_traceback_stack(source=source)
  File "/disk1/data/git/eve-tournaments/templates/base.html", line 37, in template
    <td><a href="{{ url_for('tournament', tid=elem.tournament_id }}">{{ elem.name }}</a></td>
jinja2.exceptions.TemplateSyntaxError: unexpected '}', expected ')'
127.0.0.1 - - [21/Sep/2024 14:48:31] "GET /?__debugger__=yes&cmd=resource&f=style.css HTTP/1.1" 200 -
127.0.0.1 - - [21/Sep/2024 14:48:31] "GET /?__debugger__=yes&cmd=resource&f=debugger.js HTTP/1.1" 200 -
127.0.0.1 - - [21/Sep/2024 14:48:31] "GET /?__debugger__=yes&cmd=resource&f=console.png HTTP/1.1" 200 -
127.0.0.1 - - [21/Sep/2024 14:48:31] "[36mGET /?__debugger__=yes&cmd=resource&f=console.png HTTP/1.1[0m" 304 -
127.0.0.1 - - [21/Sep/2024 14:48:31] "[33mGET /apple-touch-icon-precomposed.png HTTP/1.1[0m" 404 -
127.0.0.1 - - [21/Sep/2024 14:48:31] "[33mGET /apple-touch-icon.png HTTP/1.1[0m" 404 -
 * To enable the debugger you need to enter the security pin:
 * Debugger pin code: 138-903-892
127.0.0.1 - - [21/Sep/2024 14:48:49] "GET /?__debugger__=yes&cmd=printpin&s=RmB0IEneS9IArOGuFaJw HTTP/1.1" 200 -
127.0.0.1 - - [21/Sep/2024 14:49:02] "GET /?__debugger__=yes&cmd=pinauth&pin=138-903-892&s=RmB0IEneS9IArOGuFaJw HTTP/1.1" 200 -
